<?xml version="1.0" encoding="UTF-8"?>
<testsuite name="Banistmo" tests="1" skipped="0" failures="0" errors="0" timestamp="2022-06-13T16:09:53" hostname="CHPAPH0LWD82" time="42.519">
  <properties/>
  <testcase name="Buscar el documento y descargarlo" classname="Banistmo" time="42.519"/>
  <system-out><![CDATA[]]></system-out>
  <system-err><![CDATA[jun 13, 2022 11:09:54 AM org.openqa.selenium.remote.DesiredCapabilities chrome
INFORMACIÓN: Using `new ChromeOptions()` is preferred to `DesiredCapabilities.chrome()`
Starting ChromeDriver 102.0.5005.61 (0e59bcc00cc4985ce39ad31c150065f159d95ad3-refs/branch-heads/5005@{#819}) on port 21357
Only local connections are allowed.
Please see https://chromedriver.chromium.org/security-considerations for suggestions on keeping ChromeDriver safe.
ChromeDriver was started successfully.
jun 13, 2022 11:09:59 AM org.openqa.selenium.remote.ProtocolHandshake createSession
INFORMACIÓN: Detected dialect: W3C
[Test worker] INFO net.serenitybdd.core.Serenity - 
        __    _____ _____ ____ _____   ____   _    ____  ____  _____ ____  
  _     \ \  |_   _| ____/ ___|_   _| |  _ \ / \  / ___|/ ___|| ____|  _ \ 
 (_)_____| |   | | |  _| \___ \ | |   | |_) / _ \ \___ \\___ \|  _| | | | |
  _|_____| |   | | | |___ ___) || |   |  __/ ___ \ ___) |___) | |___| |_| |
 (_)     | |   |_| |_____|____/ |_|   |_| /_/   \_\____/|____/|_____|____/ 
        /_/                                                                

TEST PASSED: Buscar el documento y descargarlo
----------------------------------------------------------------------------
]]></system-err>
</testsuite>
